<?xml version="1.0" encoding="UTF-8"?>
<!-- Generated by org.testng.reporters.JUnitXMLReporter -->
<testsuite ignored="0" hostname="DESKTOP-6K33ESR" failures="0" tests="3" name="Default test" time="66.957" errors="0" timestamp="2023-04-14T19:43:32 IST">
  <testcase classname="com.nfts.Page_Test.Discover_CollectionsPage_Test" name="NavigateToDiscover_CollectionsPage" time="10.239"/>
  <testcase classname="com.nfts.Page_Test.Discover_CollectionsPage_Test" name="ValidateDiscoverCollectionsPage" time="25.095"/>
  <testcase classname="com.nfts.Page_Test.Discover_CollectionsPage_Test" name="VerifyCollectionDetailsPage" time="24.516"/>
</testsuite> <!-- Default test -->
