<?xml version="1.0" encoding="UTF-8"?>
<!-- Generated by org.testng.reporters.JUnitXMLReporter -->
<testsuite ignored="0" hostname="DESKTOP-6K33ESR" failures="0" tests="3" name="Default test" time="48.783" errors="0" timestamp="2023-04-13T19:11:13 IST">
  <testcase classname="com.nfts.Page_Test.Discover_NFTsPage_Test" name="NavigateToDiscover_NFTsPage" time="10.251"/>
  <testcase classname="com.nfts.Page_Test.Discover_NFTsPage_Test" name="ValidateDiscoverNFTsPage" time="19.006"/>
  <testcase classname="com.nfts.Page_Test.Discover_NFTsPage_Test" name="VerifyNFTdetailspage" time="12.819"/>
</testsuite> <!-- Default test -->
