<?xml version="1.0" encoding="UTF-8"?>
<!-- Generated by org.testng.reporters.JUnitXMLReporter -->
<testsuite ignored="0" hostname="DESKTOP-6K33ESR" failures="1" tests="28" name="Regression Test" time="360.14" errors="0" timestamp="2023-04-04T10:43:19 IST">
  <testcase classname="com.nft.broken_links_Test.BrokenLinks_Test" name="GetAllURLs" time="1.615"/>
  <testcase classname="com.nft.broken_links_Test.BrokenLinks_Test" name="ValidateTheBrokenLinks" time="29.628"/>
  <testcase classname="com.nft.broken_links_Test.BrokenLinks_Test" name="ValidateAllBrokenImages" time="19.039"/>
  <testcase classname="com.nfts.Page_Test.HomePage_Test" name="NavigateToNFT" time="3.015"/>
  <testcase classname="com.nfts.Page_Test.HomePage_Test" name="ValidateNFTLogoImage" time="3.076"/>
  <testcase classname="com.nfts.Page_Test.HomePage_Test" name="ValidateNFTcomHeaderOptions" time="3.571"/>
  <testcase classname="com.nfts.Page_Test.HomePage_Test" name="VerifyDiscoverHeaderDropDownoptions" time="3.267"/>
  <testcase classname="com.nfts.Page_Test.HomePage_Test" name="VerifyLearnHeaderDropDownoptions" time="4.209"/>
  <testcase classname="com.nfts.Page_Test.HomePage_Test" name="VerifySearchFieldResponse" time="14.097"/>
  <testcase classname="com.nfts.Page_Test.HomePage_Test" name="VerifySignInResponse" time="5.278"/>
  <testcase classname="com.nfts.Page_Test.HomePage_Test" name="VerifyCartheaderOption" time="5.596"/>
  <testcase classname="com.nfts.Page_Test.HomePage_Test" name="VerifyClickonCreateAProfileButton" time="25.819"/>
  <testcase classname="com.nfts.Page_Test.HomePage_Test" name="VerifyHomePageSections" time="9.686"/>
  <testcase classname="com.nfts.Page_Test.HomePage_Test" name="VerifyConnectWalletScreen" time="7.861"/>
  <testcase classname="com.nfts.Page_Test.HomePage_Test" name="FooterlinkRedirects" time="60.636"/>
  <testcase classname="com.nfts.Page_Test.Discover_NFTsPage_Test" name="NavigateToDiscover_NFTsPage" time="10.141"/>
  <testcase classname="com.nfts.Page_Test.Discover_NFTsPage_Test" name="ValidateDiscoverNFTsPage" time="18.1"/>
  <testcase classname="com.nfts.Page_Test.Discover_CollectionsPage_Test" name="NavigateToDiscover_CollectionsPage" time="10.114"/>
  <testcase classname="com.nfts.Page_Test.Discover_CollectionsPage_Test" name="ValidateDiscoverCollectionsPage" time="23.856"/>
  <testcase classname="com.nfts.Page_Test.Discover_ProfilesPage_Test" name="NavigateToDiscover_ProfilesPage" time="10.1"/>
  <testcase classname="com.nfts.Page_Test.Discover_ProfilesPage_Test" name="ValidateDiscoverProfilesPage" time="10.549"/>
  <testcase classname="com.nfts.Page_Test.Gallery_Test" name="NavigateToNFTGalleryPage" time="6.099"/>
  <testcase classname="com.nfts.Page_Test.Gallery_Test" name="ValidateTheBrokenLinks" time="5.225"/>
  <testcase classname="com.nfts.Page_Test.Gallery_Test" name="ValidateAllBrokenImages" time="2.142"/>
  <testcase classname="com.nfts.Page_Test.Gallery_Test" name="ValidateGenesisKeyPageAsVisitor" time="21.499"/>
  <testcase classname="com.nfts.Page_Test.Gallery_Test" name="ValidateGenesisKeyPageAsLoggedInUser" time="0.002"/>
  <testcase classname="com.nfts.Page_Test.Learn_BlogPage_Test" name="NavigateToLearn_BlogPage" time="10.151"/>
  <testcase classname="com.nfts.Page_Test.Learn_BlogPage_Test" name="ValidateLearn_blogPage" time="28.388">
    <failure type="java.lang.AssertionError" message="expected [true] but found [false]">
      <![CDATA[java.lang.AssertionError: expected [true] but found [false]
at com.nft.learn.learn_Blogs.ValidateLearn_blogPage(learn_Blogs.java:97)
at com.nfts.Page_Test.Learn_BlogPage_Test.ValidateLearn_blogPage(Learn_BlogPage_Test.java:35)
at java.base/java.util.ArrayList.forEach(ArrayList.java:1511)
... Removed 31 stack frames]]>
    </failure>
  </testcase> <!-- ValidateLearn_blogPage -->
</testsuite> <!-- Regression Test -->
