<?xml version="1.0" encoding="UTF-8"?>
<testng-results ignored="0" total="3" passed="3" failed="0" skipped="0">
  <reporter-output>
  </reporter-output>
  <suite started-at="2023-04-14T19:42:25 IST" name="Default suite" finished-at="2023-04-14T19:43:32 IST" duration-ms="66957">
    <groups>
      <group name="regression">
        <method signature="Discover_CollectionsPage_Test.NavigateToDiscover_CollectionsPage()[pri:1, instance:com.nfts.Page_Test.Discover_CollectionsPage_Test@e8ea697]" name="NavigateToDiscover_CollectionsPage" class="com.nfts.Page_Test.Discover_CollectionsPage_Test"/>
        <method signature="Discover_CollectionsPage_Test.ValidateDiscoverCollectionsPage()[pri:2, instance:com.nfts.Page_Test.Discover_CollectionsPage_Test@e8ea697]" name="ValidateDiscoverCollectionsPage" class="com.nfts.Page_Test.Discover_CollectionsPage_Test"/>
        <method signature="Discover_CollectionsPage_Test.VerifyCollectionDetailsPage()[pri:3, instance:com.nfts.Page_Test.Discover_CollectionsPage_Test@e8ea697]" name="VerifyCollectionDetailsPage" class="com.nfts.Page_Test.Discover_CollectionsPage_Test"/>
      </group> <!-- regression -->
    </groups>
    <test started-at="2023-04-14T19:42:25 IST" name="Default test" finished-at="2023-04-14T19:43:32 IST" duration-ms="66957">
      <class name="com.nfts.Page_Test.Discover_CollectionsPage_Test">
        <test-method is-config="true" signature="setUp()[pri:0, instance:com.nfts.Page_Test.Discover_CollectionsPage_Test@e8ea697]" started-at="2023-04-14T19:42:25 IST" name="setUp" finished-at="2023-04-14T19:42:32 IST" duration-ms="6962" status="PASS">
          <reporter-output>
          </reporter-output>
        </test-method> <!-- setUp -->
        <test-method signature="NavigateToDiscover_CollectionsPage()[pri:1, instance:com.nfts.Page_Test.Discover_CollectionsPage_Test@e8ea697]" started-at="2023-04-14T19:42:32 IST" name="NavigateToDiscover_CollectionsPage" finished-at="2023-04-14T19:42:42 IST" duration-ms="10239" status="PASS">
          <reporter-output>
          </reporter-output>
        </test-method> <!-- NavigateToDiscover_CollectionsPage -->
        <test-method signature="ValidateDiscoverCollectionsPage()[pri:2, instance:com.nfts.Page_Test.Discover_CollectionsPage_Test@e8ea697]" started-at="2023-04-14T19:42:42 IST" name="ValidateDiscoverCollectionsPage" finished-at="2023-04-14T19:43:07 IST" duration-ms="25095" status="PASS">
          <reporter-output>
          </reporter-output>
        </test-method> <!-- ValidateDiscoverCollectionsPage -->
        <test-method signature="VerifyCollectionDetailsPage()[pri:3, instance:com.nfts.Page_Test.Discover_CollectionsPage_Test@e8ea697]" started-at="2023-04-14T19:43:08 IST" name="VerifyCollectionDetailsPage" finished-at="2023-04-14T19:43:32 IST" duration-ms="24516" status="PASS">
          <reporter-output>
          </reporter-output>
        </test-method> <!-- VerifyCollectionDetailsPage -->
        <test-method is-config="true" signature="tearDown()[pri:0, instance:com.nfts.Page_Test.Discover_CollectionsPage_Test@e8ea697]" started-at="2023-04-14T19:43:32 IST" name="tearDown" finished-at="2023-04-14T19:43:32 IST" duration-ms="178" status="PASS">
          <reporter-output>
          </reporter-output>
        </test-method> <!-- tearDown -->
      </class> <!-- com.nfts.Page_Test.Discover_CollectionsPage_Test -->
    </test> <!-- Default test -->
  </suite> <!-- Default suite -->
</testng-results>
